{"C:\\Users\\yonar\\OneDrive\\Escritorio\\swapi-star-wars-aws\\api\\films.js": {"path":"C:\\Users\\yonar\\OneDrive\\Escritorio\\swapi-star-wars-aws\\api\\films.js","statementMap":{"0":{"start":{"line":2,"column":22},"end":{"line":2,"column":60}},"1":{"start":{"line":3,"column":12},"end":{"line":3,"column":30}},"2":{"start":{"line":4,"column":23},"end":{"line":4,"column":38}},"3":{"start":{"line":5,"column":14},"end":{"line":5,"column":48}},"4":{"start":{"line":6,"column":0},"end":{"line":6,"column":54}},"5":{"start":{"line":8,"column":12},"end":{"line":8,"column":26}},"6":{"start":{"line":9,"column":12},"end":{"line":9,"column":21}},"7":{"start":{"line":11,"column":0},"end":{"line":16,"column":3}},"8":{"start":{"line":12,"column":2},"end":{"line":14,"column":3}},"9":{"start":{"line":13,"column":4},"end":{"line":13,"column":50}},"10":{"start":{"line":15,"column":2},"end":{"line":15,"column":44}},"11":{"start":{"line":18,"column":17},"end":{"line":18,"column":50}},"12":{"start":{"line":20,"column":15},"end":{"line":53,"column":1}},"13":{"start":{"line":55,"column":0},"end":{"line":98,"column":2}},"14":{"start":{"line":57,"column":4},"end":{"line":59,"column":10}},"15":{"start":{"line":61,"column":4},"end":{"line":61,"column":67}},"16":{"start":{"line":63,"column":15},"end":{"line":65,"column":3}},"17":{"start":{"line":66,"column":2},"end":{"line":74,"column":3}},"18":{"start":{"line":67,"column":26},"end":{"line":67,"column":28}},"19":{"start":{"line":68,"column":4},"end":{"line":68,"column":77}},"20":{"start":{"line":68,"column":39},"end":{"line":68,"column":77}},"21":{"start":{"line":69,"column":4},"end":{"line":69,"column":59}},"22":{"start":{"line":71,"column":4},"end":{"line":73,"column":6}},"23":{"start":{"line":75,"column":2},"end":{"line":97,"column":7}},"24":{"start":{"line":79,"column":6},"end":{"line":84,"column":8}},"25":{"start":{"line":87,"column":6},"end":{"line":96,"column":8}},"26":{"start":{"line":100,"column":0},"end":{"line":117,"column":2}},"27":{"start":{"line":101,"column":2},"end":{"line":116,"column":7}},"28":{"start":{"line":104,"column":6},"end":{"line":107,"column":8}},"29":{"start":{"line":110,"column":6},"end":{"line":115,"column":8}},"30":{"start":{"line":119,"column":0},"end":{"line":145,"column":2}},"31":{"start":{"line":120,"column":15},"end":{"line":120,"column":37}},"32":{"start":{"line":121,"column":2},"end":{"line":121,"column":21}},"33":{"start":{"line":122,"column":2},"end":{"line":122,"column":43}},"34":{"start":{"line":123,"column":2},"end":{"line":123,"column":42}},"35":{"start":{"line":125,"column":16},"end":{"line":125,"column":42}},"36":{"start":{"line":127,"column":2},"end":{"line":131,"column":6}},"37":{"start":{"line":128,"column":4},"end":{"line":131,"column":6}},"38":{"start":{"line":133,"column":20},"end":{"line":136,"column":3}},"39":{"start":{"line":137,"column":2},"end":{"line":140,"column":24}},"40":{"start":{"line":141,"column":2},"end":{"line":144,"column":4}},"41":{"start":{"line":147,"column":0},"end":{"line":152,"column":2}},"42":{"start":{"line":148,"column":2},"end":{"line":151,"column":4}}},"fnMap":{"0":{"name":"(anonymous_0)","decl":{"start":{"line":11,"column":27},"end":{"line":11,"column":28}},"loc":{"start":{"line":11,"column":53},"end":{"line":16,"column":1}},"line":11},"1":{"name":"(anonymous_1)","decl":{"start":{"line":55,"column":23},"end":{"line":55,"column":24}},"loc":{"start":{"line":55,"column":40},"end":{"line":98,"column":1}},"line":55},"2":{"name":"(anonymous_2)","decl":{"start":{"line":78,"column":10},"end":{"line":78,"column":11}},"loc":{"start":{"line":78,"column":22},"end":{"line":85,"column":5}},"line":78},"3":{"name":"(anonymous_3)","decl":{"start":{"line":86,"column":11},"end":{"line":86,"column":12}},"loc":{"start":{"line":86,"column":20},"end":{"line":97,"column":5}},"line":86},"4":{"name":"(anonymous_4)","decl":{"start":{"line":100,"column":20},"end":{"line":100,"column":21}},"loc":{"start":{"line":100,"column":37},"end":{"line":117,"column":1}},"line":100},"5":{"name":"(anonymous_5)","decl":{"start":{"line":103,"column":10},"end":{"line":103,"column":11}},"loc":{"start":{"line":103,"column":22},"end":{"line":108,"column":5}},"line":103},"6":{"name":"(anonymous_6)","decl":{"start":{"line":109,"column":11},"end":{"line":109,"column":12}},"loc":{"start":{"line":109,"column":22},"end":{"line":116,"column":5}},"line":109},"7":{"name":"(anonymous_7)","decl":{"start":{"line":119,"column":24},"end":{"line":119,"column":25}},"loc":{"start":{"line":119,"column":41},"end":{"line":145,"column":1}},"line":119},"8":{"name":"(anonymous_8)","decl":{"start":{"line":140,"column":10},"end":{"line":140,"column":11}},"loc":{"start":{"line":140,"column":19},"end":{"line":140,"column":22}},"line":140},"9":{"name":"(anonymous_9)","decl":{"start":{"line":147,"column":24},"end":{"line":147,"column":25}},"loc":{"start":{"line":147,"column":36},"end":{"line":152,"column":1}},"line":147}},"branchMap":{"0":{"loc":{"start":{"line":12,"column":2},"end":{"line":14,"column":3}},"type":"if","locations":[{"start":{"line":12,"column":2},"end":{"line":14,"column":3}},{"start":{},"end":{}}],"line":12},"1":{"loc":{"start":{"line":57,"column":4},"end":{"line":59,"column":10}},"type":"cond-expr","locations":[{"start":{"line":58,"column":8},"end":{"line":58,"column":35}},{"start":{"line":59,"column":8},"end":{"line":59,"column":10}}],"line":57},"2":{"loc":{"start":{"line":61,"column":4},"end":{"line":61,"column":67}},"type":"cond-expr","locations":[{"start":{"line":61,"column":50},"end":{"line":61,"column":62}},{"start":{"line":61,"column":65},"end":{"line":61,"column":67}}],"line":61},"3":{"loc":{"start":{"line":61,"column":4},"end":{"line":61,"column":47}},"type":"binary-expr","locations":[{"start":{"line":61,"column":4},"end":{"line":61,"column":9}},{"start":{"line":61,"column":13},"end":{"line":61,"column":47}}],"line":61},"4":{"loc":{"start":{"line":66,"column":2},"end":{"line":74,"column":3}},"type":"if","locations":[{"start":{"line":66,"column":2},"end":{"line":74,"column":3}},{"start":{},"end":{}}],"line":66},"5":{"loc":{"start":{"line":127,"column":2},"end":{"line":131,"column":6}},"type":"if","locations":[{"start":{"line":127,"column":2},"end":{"line":131,"column":6}},{"start":{},"end":{}}],"line":127}},"s":{"0":1,"1":1,"2":1,"3":1,"4":1,"5":1,"6":1,"7":1,"8":0,"9":0,"10":0,"11":1,"12":1,"13":1,"14":0,"15":0,"16":0,"17":0,"18":0,"19":0,"20":0,"21":0,"22":0,"23":0,"24":0,"25":0,"26":1,"27":2,"28":2,"29":0,"30":1,"31":0,"32":0,"33":0,"34":0,"35":0,"36":0,"37":0,"38":0,"39":0,"40":0,"41":1,"42":0},"f":{"0":0,"1":0,"2":0,"3":0,"4":2,"5":2,"6":0,"7":0,"8":0,"9":0},"b":{"0":[0,0],"1":[0,0],"2":[0,0],"3":[0,0],"4":[0,0],"5":[0,0]},"_coverageSchema":"1a1c01bbd47fc00a2c39e90264f33305004495a9","hash":"75198bd0a5c6c49dc59e08bf8ac4eef16c792fc2"}
,"C:\\Users\\yonar\\OneDrive\\Escritorio\\swapi-star-wars-aws\\api\\people.js": {"path":"C:\\Users\\yonar\\OneDrive\\Escritorio\\swapi-star-wars-aws\\api\\people.js","statementMap":{"0":{"start":{"line":2,"column":22},"end":{"line":2,"column":60}},"1":{"start":{"line":3,"column":12},"end":{"line":3,"column":30}},"2":{"start":{"line":4,"column":23},"end":{"line":4,"column":38}},"3":{"start":{"line":5,"column":14},"end":{"line":5,"column":48}},"4":{"start":{"line":6,"column":0},"end":{"line":6,"column":54}},"5":{"start":{"line":8,"column":12},"end":{"line":8,"column":26}},"6":{"start":{"line":9,"column":12},"end":{"line":9,"column":21}},"7":{"start":{"line":11,"column":0},"end":{"line":16,"column":3}},"8":{"start":{"line":12,"column":2},"end":{"line":14,"column":3}},"9":{"start":{"line":13,"column":4},"end":{"line":13,"column":50}},"10":{"start":{"line":15,"column":2},"end":{"line":15,"column":44}},"11":{"start":{"line":18,"column":17},"end":{"line":18,"column":50}},"12":{"start":{"line":20,"column":15},"end":{"line":57,"column":1}},"13":{"start":{"line":59,"column":0},"end":{"line":102,"column":2}},"14":{"start":{"line":61,"column":4},"end":{"line":63,"column":10}},"15":{"start":{"line":65,"column":4},"end":{"line":65,"column":67}},"16":{"start":{"line":67,"column":15},"end":{"line":69,"column":3}},"17":{"start":{"line":70,"column":2},"end":{"line":78,"column":3}},"18":{"start":{"line":71,"column":26},"end":{"line":71,"column":28}},"19":{"start":{"line":72,"column":4},"end":{"line":72,"column":77}},"20":{"start":{"line":72,"column":39},"end":{"line":72,"column":77}},"21":{"start":{"line":73,"column":4},"end":{"line":73,"column":59}},"22":{"start":{"line":75,"column":4},"end":{"line":77,"column":6}},"23":{"start":{"line":79,"column":2},"end":{"line":101,"column":7}},"24":{"start":{"line":83,"column":6},"end":{"line":88,"column":8}},"25":{"start":{"line":91,"column":6},"end":{"line":100,"column":8}},"26":{"start":{"line":104,"column":0},"end":{"line":121,"column":2}},"27":{"start":{"line":105,"column":2},"end":{"line":120,"column":7}},"28":{"start":{"line":108,"column":6},"end":{"line":111,"column":8}},"29":{"start":{"line":114,"column":6},"end":{"line":119,"column":8}},"30":{"start":{"line":123,"column":0},"end":{"line":149,"column":2}},"31":{"start":{"line":124,"column":15},"end":{"line":124,"column":37}},"32":{"start":{"line":125,"column":2},"end":{"line":125,"column":21}},"33":{"start":{"line":126,"column":2},"end":{"line":126,"column":43}},"34":{"start":{"line":127,"column":2},"end":{"line":127,"column":42}},"35":{"start":{"line":129,"column":16},"end":{"line":129,"column":42}},"36":{"start":{"line":131,"column":2},"end":{"line":135,"column":6}},"37":{"start":{"line":132,"column":4},"end":{"line":135,"column":6}},"38":{"start":{"line":137,"column":21},"end":{"line":140,"column":3}},"39":{"start":{"line":141,"column":2},"end":{"line":144,"column":23}},"40":{"start":{"line":145,"column":2},"end":{"line":148,"column":4}},"41":{"start":{"line":151,"column":0},"end":{"line":156,"column":2}},"42":{"start":{"line":152,"column":2},"end":{"line":155,"column":4}}},"fnMap":{"0":{"name":"(anonymous_0)","decl":{"start":{"line":11,"column":27},"end":{"line":11,"column":28}},"loc":{"start":{"line":11,"column":53},"end":{"line":16,"column":1}},"line":11},"1":{"name":"(anonymous_1)","decl":{"start":{"line":59,"column":23},"end":{"line":59,"column":24}},"loc":{"start":{"line":59,"column":40},"end":{"line":102,"column":1}},"line":59},"2":{"name":"(anonymous_2)","decl":{"start":{"line":82,"column":10},"end":{"line":82,"column":11}},"loc":{"start":{"line":82,"column":22},"end":{"line":89,"column":5}},"line":82},"3":{"name":"(anonymous_3)","decl":{"start":{"line":90,"column":11},"end":{"line":90,"column":12}},"loc":{"start":{"line":90,"column":20},"end":{"line":101,"column":5}},"line":90},"4":{"name":"(anonymous_4)","decl":{"start":{"line":104,"column":20},"end":{"line":104,"column":21}},"loc":{"start":{"line":104,"column":37},"end":{"line":121,"column":1}},"line":104},"5":{"name":"(anonymous_5)","decl":{"start":{"line":107,"column":10},"end":{"line":107,"column":11}},"loc":{"start":{"line":107,"column":22},"end":{"line":112,"column":5}},"line":107},"6":{"name":"(anonymous_6)","decl":{"start":{"line":113,"column":11},"end":{"line":113,"column":12}},"loc":{"start":{"line":113,"column":22},"end":{"line":120,"column":5}},"line":113},"7":{"name":"(anonymous_7)","decl":{"start":{"line":123,"column":24},"end":{"line":123,"column":25}},"loc":{"start":{"line":123,"column":41},"end":{"line":149,"column":1}},"line":123},"8":{"name":"(anonymous_8)","decl":{"start":{"line":144,"column":10},"end":{"line":144,"column":11}},"loc":{"start":{"line":144,"column":19},"end":{"line":144,"column":21}},"line":144},"9":{"name":"(anonymous_9)","decl":{"start":{"line":151,"column":24},"end":{"line":151,"column":25}},"loc":{"start":{"line":151,"column":36},"end":{"line":156,"column":1}},"line":151}},"branchMap":{"0":{"loc":{"start":{"line":12,"column":2},"end":{"line":14,"column":3}},"type":"if","locations":[{"start":{"line":12,"column":2},"end":{"line":14,"column":3}},{"start":{},"end":{}}],"line":12},"1":{"loc":{"start":{"line":61,"column":4},"end":{"line":63,"column":10}},"type":"cond-expr","locations":[{"start":{"line":62,"column":8},"end":{"line":62,"column":35}},{"start":{"line":63,"column":8},"end":{"line":63,"column":10}}],"line":61},"2":{"loc":{"start":{"line":65,"column":4},"end":{"line":65,"column":67}},"type":"cond-expr","locations":[{"start":{"line":65,"column":50},"end":{"line":65,"column":62}},{"start":{"line":65,"column":65},"end":{"line":65,"column":67}}],"line":65},"3":{"loc":{"start":{"line":65,"column":4},"end":{"line":65,"column":47}},"type":"binary-expr","locations":[{"start":{"line":65,"column":4},"end":{"line":65,"column":9}},{"start":{"line":65,"column":13},"end":{"line":65,"column":47}}],"line":65},"4":{"loc":{"start":{"line":70,"column":2},"end":{"line":78,"column":3}},"type":"if","locations":[{"start":{"line":70,"column":2},"end":{"line":78,"column":3}},{"start":{},"end":{}}],"line":70},"5":{"loc":{"start":{"line":131,"column":2},"end":{"line":135,"column":6}},"type":"if","locations":[{"start":{"line":131,"column":2},"end":{"line":135,"column":6}},{"start":{},"end":{}}],"line":131}},"s":{"0":1,"1":1,"2":1,"3":1,"4":1,"5":1,"6":1,"7":1,"8":0,"9":0,"10":0,"11":1,"12":1,"13":1,"14":0,"15":0,"16":0,"17":0,"18":0,"19":0,"20":0,"21":0,"22":0,"23":0,"24":0,"25":0,"26":1,"27":2,"28":2,"29":0,"30":1,"31":0,"32":0,"33":0,"34":0,"35":0,"36":0,"37":0,"38":0,"39":0,"40":0,"41":1,"42":0},"f":{"0":0,"1":0,"2":0,"3":0,"4":2,"5":2,"6":0,"7":0,"8":0,"9":0},"b":{"0":[0,0],"1":[0,0],"2":[0,0],"3":[0,0],"4":[0,0],"5":[0,0]},"_coverageSchema":"1a1c01bbd47fc00a2c39e90264f33305004495a9","hash":"c4b1c1908b928523254c531dcd80187736809a03"}
,"C:\\Users\\yonar\\OneDrive\\Escritorio\\swapi-star-wars-aws\\helper\\mapping.js": {"path":"C:\\Users\\yonar\\OneDrive\\Escritorio\\swapi-star-wars-aws\\helper\\mapping.js","statementMap":{"0":{"start":{"line":3,"column":19},"end":{"line":28,"column":3}},"1":{"start":{"line":30,"column":0},"end":{"line":38,"column":2}},"2":{"start":{"line":31,"column":2},"end":{"line":37,"column":4}},"3":{"start":{"line":32,"column":28},"end":{"line":35,"column":5}}},"fnMap":{"0":{"name":"(anonymous_0)","decl":{"start":{"line":30,"column":27},"end":{"line":30,"column":28}},"loc":{"start":{"line":30,"column":37},"end":{"line":38,"column":1}},"line":30},"1":{"name":"(anonymous_1)","decl":{"start":{"line":32,"column":4},"end":{"line":32,"column":5}},"loc":{"start":{"line":32,"column":28},"end":{"line":35,"column":5}},"line":32}},"branchMap":{},"s":{"0":2,"1":2,"2":4,"3":60},"f":{"0":4,"1":60},"b":{},"_coverageSchema":"1a1c01bbd47fc00a2c39e90264f33305004495a9","hash":"e0ab3eb7a09e7457c1bb99359ac5c6b6626959ce"}
,"C:\\Users\\yonar\\OneDrive\\Escritorio\\swapi-star-wars-aws\\responses\\swapi.response.js": {"path":"C:\\Users\\yonar\\OneDrive\\Escritorio\\swapi-star-wars-aws\\responses\\swapi.response.js","statementMap":{"0":{"start":{"line":3,"column":0},"end":{"line":5,"column":2}},"1":{"start":{"line":4,"column":4},"end":{"line":4,"column":36}}},"fnMap":{"0":{"name":"(anonymous_0)","decl":{"start":{"line":3,"column":26},"end":{"line":3,"column":27}},"loc":{"start":{"line":3,"column":40},"end":{"line":5,"column":1}},"line":3}},"branchMap":{},"s":{"0":2,"1":4},"f":{"0":4},"b":{},"_coverageSchema":"1a1c01bbd47fc00a2c39e90264f33305004495a9","hash":"5adc812c6789491738927e55ebd94c8284d021e4"}
,"C:\\Users\\yonar\\OneDrive\\Escritorio\\swapi-star-wars-aws\\swapi\\swapi.endpoint.js": {"path":"C:\\Users\\yonar\\OneDrive\\Escritorio\\swapi-star-wars-aws\\swapi\\swapi.endpoint.js","statementMap":{"0":{"start":{"line":1,"column":14},"end":{"line":1,"column":30}},"1":{"start":{"line":2,"column":15},"end":{"line":2,"column":43}},"2":{"start":{"line":3,"column":12},"end":{"line":3,"column":36}},"3":{"start":{"line":5,"column":0},"end":{"line":15,"column":2}},"4":{"start":{"line":6,"column":15},"end":{"line":13,"column":6}},"5":{"start":{"line":9,"column":6},"end":{"line":9,"column":22}},"6":{"start":{"line":12,"column":6},"end":{"line":12,"column":25}},"7":{"start":{"line":14,"column":2},"end":{"line":14,"column":32}},"8":{"start":{"line":17,"column":0},"end":{"line":27,"column":2}},"9":{"start":{"line":18,"column":15},"end":{"line":25,"column":6}},"10":{"start":{"line":21,"column":6},"end":{"line":21,"column":22}},"11":{"start":{"line":24,"column":6},"end":{"line":24,"column":25}},"12":{"start":{"line":26,"column":2},"end":{"line":26,"column":32}}},"fnMap":{"0":{"name":"(anonymous_0)","decl":{"start":{"line":5,"column":27},"end":{"line":5,"column":28}},"loc":{"start":{"line":5,"column":41},"end":{"line":15,"column":1}},"line":5},"1":{"name":"(anonymous_1)","decl":{"start":{"line":8,"column":10},"end":{"line":8,"column":11}},"loc":{"start":{"line":8,"column":19},"end":{"line":10,"column":5}},"line":8},"2":{"name":"(anonymous_2)","decl":{"start":{"line":11,"column":11},"end":{"line":11,"column":12}},"loc":{"start":{"line":11,"column":22},"end":{"line":13,"column":5}},"line":11},"3":{"name":"(anonymous_3)","decl":{"start":{"line":17,"column":26},"end":{"line":17,"column":27}},"loc":{"start":{"line":17,"column":40},"end":{"line":27,"column":1}},"line":17},"4":{"name":"(anonymous_4)","decl":{"start":{"line":20,"column":10},"end":{"line":20,"column":11}},"loc":{"start":{"line":20,"column":19},"end":{"line":22,"column":5}},"line":20},"5":{"name":"(anonymous_5)","decl":{"start":{"line":23,"column":11},"end":{"line":23,"column":12}},"loc":{"start":{"line":23,"column":22},"end":{"line":25,"column":5}},"line":23}},"branchMap":{},"s":{"0":2,"1":2,"2":2,"3":2,"4":2,"5":2,"6":0,"7":2,"8":2,"9":2,"10":2,"11":0,"12":2},"f":{"0":2,"1":2,"2":0,"3":2,"4":2,"5":0},"b":{},"_coverageSchema":"1a1c01bbd47fc00a2c39e90264f33305004495a9","hash":"64a717dd8f142ff9c7d85b76464c665ec6fb5d9d"}
}
